# JRE version: OpenJDK Runtime Environment Zulu21.38+21-CA (21.0.5+11) (build 21.0.5+11-LTS)
# Java VM: OpenJDK 64-Bit Server VM Zulu21.38+21-CA (21.0.5+11-LTS, mixed mode, tiered, compressed oops, compressed class ptrs, g1 gc, linux-amd64)
GC Precious Log:
 CardTable entry size: 512
 Card Set container configuration: InlinePtr #cards 4 size 8 Array Of Cards #cards 16 size 48 Howl #buckets 8 coarsen threshold 3686 Howl Bitmap #cards 512 size 80 coarsen threshold 460 Card regions per heap region 1 cards per card region 4096
 CPUs: 16 total, 16 available
 Memory: 15814M
 Large Page Support: Disabled
 NUMA Support: Disabled
 Compressed Oops: Enabled (Zero based)
 Heap Region Size: 2M
 Heap Min Capacity: 8M
 Heap Initial Capacity: 248M
 Heap Max Capacity: 3954M
 Pre-touch: Disabled
 Parallel Workers: 13
 Concurrent Workers: 3
 Concurrent Refinement Workers: 13
 Periodic GC: Disabled
Heap:
 garbage-first heap   total 317440K, used 120811K [0x0000000708e00000, 0x0000000800000000)
  region size 2048K, 23 young (47104K), 7 survivors (14336K)
 Metaspace       used 72548K, committed 74176K, reserved 1179648K
  class space    used 7811K, committed 8640K, reserved 1048576K
GC Heap History (20 events):
Event: 18.130 GC heap before
{Heap before GC invocations=26 (full 0):
 garbage-first heap   total 196608K, used 158967K [0x0000000708e00000, 0x0000000800000000)
  region size 2048K, 57 young (116736K), 8 survivors (16384K)
 Metaspace       used 67764K, committed 68736K, reserved 1114112K
  class space    used 7224K, committed 7680K, reserved 1048576K
}
Event: 18.143 GC heap after
{Heap after GC invocations=27 (full 0):
 garbage-first heap   total 196608K, used 66812K [0x0000000708e00000, 0x0000000800000000)
  region size 2048K, 4 young (8192K), 4 survivors (8192K)
 Metaspace       used 67764K, committed 68736K, reserved 1114112K
  class space    used 7224K, committed 7680K, reserved 1048576K
}
Event: 18.588 GC heap before
{Heap before GC invocations=28 (full 0):
 garbage-first heap   total 196608K, used 171260K [0x0000000708e00000, 0x0000000800000000)
  region size 2048K, 56 young (114688K), 4 survivors (8192K)
 Metaspace       used 68047K, committed 69056K, reserved 1114112K
  class space    used 7257K, committed 7680K, reserved 1048576K
}
Event: 18.601 GC heap after
{Heap after GC invocations=29 (full 0):
 garbage-first heap   total 196608K, used 76904K [0x0000000708e00000, 0x0000000800000000)
  region size 2048K, 7 young (14336K), 7 survivors (14336K)
 Metaspace       used 68047K, committed 69056K, reserved 1114112K
  class space    used 7257K, committed 7680K, reserved 1048576K
}
Event: 18.825 GC heap before
{Heap before GC invocations=29 (full 0):
 garbage-first heap   total 196608K, used 169064K [0x0000000708e00000, 0x0000000800000000)
  region size 2048K, 52 young (106496K), 7 survivors (14336K)
 Metaspace       used 68149K, committed 69184K, reserved 1114112K
  class space    used 7265K, committed 7744K, reserved 1048576K
}
Event: 18.840 GC heap after
{Heap after GC invocations=30 (full 0):
 garbage-first heap   total 198656K, used 85293K [0x0000000708e00000, 0x0000000800000000)
  region size 2048K, 6 young (12288K), 6 survivors (12288K)
 Metaspace       used 68149K, committed 69184K, reserved 1114112K
  class space    used 7265K, committed 7744K, reserved 1048576K
}
Event: 19.154 GC heap before
{Heap before GC invocations=30 (full 0):
 garbage-first heap   total 198656K, used 169261K [0x0000000708e00000, 0x0000000800000000)
  region size 2048K, 48 young (98304K), 6 survivors (12288K)
 Metaspace       used 68899K, committed 69952K, reserved 1114112K
  class space    used 7372K, committed 7872K, reserved 1048576K
}
Event: 19.164 GC heap after
{Heap after GC invocations=31 (full 0):
 garbage-first heap   total 264192K, used 86639K [0x0000000708e00000, 0x0000000800000000)
  region size 2048K, 3 young (6144K), 3 survivors (6144K)
 Metaspace       used 68899K, committed 69952K, reserved 1114112K
  class space    used 7372K, committed 7872K, reserved 1048576K
}
Event: 19.664 GC heap before
{Heap before GC invocations=32 (full 0):
 garbage-first heap   total 264192K, used 227951K [0x0000000708e00000, 0x0000000800000000)
  region size 2048K, 73 young (149504K), 3 survivors (6144K)
 Metaspace       used 71194K, committed 72576K, reserved 1114112K
  class space    used 7642K, committed 8320K, reserved 1048576K
}
Event: 19.675 GC heap after
{Heap after GC invocations=33 (full 0):
 garbage-first heap   total 264192K, used 88401K [0x0000000708e00000, 0x0000000800000000)
  region size 2048K, 4 young (8192K), 4 survivors (8192K)
 Metaspace       used 71194K, committed 72576K, reserved 1114112K
  class space    used 7642K, committed 8320K, reserved 1048576K
}
Event: 19.846 GC heap before
{Heap before GC invocations=33 (full 0):
 garbage-first heap   total 264192K, used 233809K [0x0000000708e00000, 0x0000000800000000)
  region size 2048K, 76 young (155648K), 4 survivors (8192K)
 Metaspace       used 71919K, committed 73536K, reserved 1179648K
  class space    used 7764K, committed 8576K, reserved 1048576K
}
Event: 19.854 GC heap after
{Heap after GC invocations=34 (full 0):
 garbage-first heap   total 264192K, used 88699K [0x0000000708e00000, 0x0000000800000000)
  region size 2048K, 6 young (12288K), 6 survivors (12288K)
 Metaspace       used 71919K, committed 73536K, reserved 1179648K
  class space    used 7764K, committed 8576K, reserved 1048576K
}
Event: 20.379 GC heap before
{Heap before GC invocations=34 (full 0):
 garbage-first heap   total 264192K, used 232059K [0x0000000708e00000, 0x0000000800000000)
  region size 2048K, 77 young (157696K), 6 survivors (12288K)
 Metaspace       used 72142K, committed 73792K, reserved 1179648K
  class space    used 7778K, committed 8576K, reserved 1048576K
}
Event: 20.386 GC heap after
{Heap after GC invocations=35 (full 0):
 garbage-first heap   total 264192K, used 88043K [0x0000000708e00000, 0x0000000800000000)
  region size 2048K, 6 young (12288K), 6 survivors (12288K)
 Metaspace       used 72142K, committed 73792K, reserved 1179648K
  class space    used 7778K, committed 8576K, reserved 1048576K
}
Event: 20.905 GC heap before
{Heap before GC invocations=36 (full 0):
 garbage-first heap   total 264192K, used 233451K [0x0000000708e00000, 0x0000000800000000)
  region size 2048K, 77 young (157696K), 6 survivors (12288K)
 Metaspace       used 72148K, committed 73792K, reserved 1179648K
  class space    used 7778K, committed 8576K, reserved 1048576K
}
Event: 20.910 GC heap after
{Heap after GC invocations=37 (full 0):
 garbage-first heap   total 264192K, used 88011K [0x0000000708e00000, 0x0000000800000000)
  region size 2048K, 5 young (10240K), 5 survivors (10240K)
 Metaspace       used 72148K, committed 73792K, reserved 1179648K
  class space    used 7778K, committed 8576K, reserved 1048576K
}
Event: 21.556 GC heap before
{Heap before GC invocations=37 (full 0):
 garbage-first heap   total 264192K, used 235467K [0x0000000708e00000, 0x0000000800000000)
  region size 2048K, 77 young (157696K), 5 survivors (10240K)
 Metaspace       used 72149K, committed 73792K, reserved 1179648K
  class space    used 7778K, committed 8576K, reserved 1048576K
}
Event: 21.563 GC heap after
{Heap after GC invocations=38 (full 0):
 garbage-first heap   total 264192K, used 86786K [0x0000000708e00000, 0x0000000800000000)
  region size 2048K, 6 young (12288K), 6 survivors (12288K)
 Metaspace       used 72149K, committed 73792K, reserved 1179648K
  class space    used 7778K, committed 8576K, reserved 1048576K
}
Event: 21.770 GC heap before
{Heap before GC invocations=38 (full 0):
 garbage-first heap   total 264192K, used 230146K [0x0000000708e00000, 0x0000000800000000)
  region size 2048K, 77 young (157696K), 6 survivors (12288K)
 Metaspace       used 72506K, committed 74176K, reserved 1179648K
  class space    used 7808K, committed 8640K, reserved 1048576K
}
Event: 21.778 GC heap after
{Heap after GC invocations=39 (full 0):
 garbage-first heap   total 317440K, used 90091K [0x0000000708e00000, 0x0000000800000000)
  region size 2048K, 7 young (14336K), 7 survivors (14336K)
 Metaspace       used 72506K, committed 74176K, reserved 1179648K
  class space    used 7808K, committed 8640K, reserved 1048576K
}

